<?xml version="1.0" encoding="UTF-8"?>
<!-- Generated by org.testng.reporters.JUnitXMLReporter -->
<testsuite hostname="INTUITA278485" name="geico test" tests="2" failures="1" timestamp="21 Oct 2016 10:06:26 GMT" time="12.398" errors="0">
  <testcase name="verifyHome" time="12.378" classname="com.geico.tests.geicoHomeTest"/>
  <testcase name="VerifyDetail" time="0.003" classname="com.geico.tests.geicoEnterDetailsTest">
    <failure type="java.lang.NullPointerException">
      <![CDATA[java.lang.NullPointerException
	at com.geico.pages.geicoEnterDetails.getTitle(geicoEnterDetails.java:34)
	at com.geico.tests.geicoEnterDetailsTest.VerifyDetail(geicoEnterDetailsTest.java:23)
... Removed 25 stack frames]]>
    </failure>
  </testcase> <!-- VerifyDetail -->
</testsuite> <!-- geico test -->
